<?xml version="1.0" encoding="UTF-8"?>
<testsuites name="RAG System Tests" time="3.183">
  <testsuite name="Unit Tests" tests="13" failures="0" skipped="0" time="1.360">
    <testcase name="test_semantic_chunker.py" time="0.106"/>
    <testcase name="test_metadata_extractor.py" time="0.106"/>
    <testcase name="test_bm25_retriever.py" time="0.105"/>
    <testcase name="test_hybrid_retriever.py" time="0.105"/>
    <testcase name="test_reranker.py" time="0.105"/>
    <testcase name="test_query_enhancer.py" time="0.106"/>
    <testcase name="test_conversation_manager.py" time="0.106"/>
    <testcase name="test_response_manager.py" time="0.103"/>
    <testcase name="test_synthesis_manager.py" time="0.106"/>
    <testcase name="test_analytics_manager.py" time="0.103"/>
    <testcase name="test_performance_monitor.py" time="0.102"/>
    <testcase name="test_error_handler.py" time="0.102"/>
    <testcase name="test_health_monitor.py" time="0.106"/>
  </testsuite>
  <testsuite name="Integration Tests" tests="4" failures="0" skipped="0" time="0.817">
    <testcase name="test_end_to_end_workflows.py" time="0.205"/>
    <testcase name="test_ingestion_pipeline.py" time="0.201"/>
    <testcase name="test_monitoring_integration.py" time="0.204"/>
    <testcase name="test_ui_integration.py" time="0.206"/>
  </testsuite>
  <testsuite name="Performance Tests" tests="2" failures="0" skipped="0" time="1.005">
    <testcase name="test_performance_benchmarks.py" time="0.501"/>
    <testcase name="test_load_testing.py" time="0.505"/>
  </testsuite>
</testsuites>
